<?xml version="1.1" encoding="UTF-8"?>
<testsuite name="com.habuma.spitter.mvc.SpittleControllerTest" tests="1" failures="0" errors="0" timestamp="2016-09-01T13:31:53" hostname="tenfeePC" time="0.0">
  <properties/>
  <testcase name="canary" classname="com.habuma.spitter.mvc.SpittleControllerTest" time="0.0"/>
  <system-out><![CDATA[]]></system-out>
  <system-err><![CDATA[]]></system-err>
</testsuite>
