<?xml version="1.1" encoding="UTF-8"?>
<testsuite name="com.habuma.spitter.mvc.HomeControllerTest" tests="1" failures="0" errors="0" timestamp="2016-09-01T13:31:53" hostname="tenfeePC" time="0.13">
  <properties/>
  <testcase name="shouldDisplayRecentSpittles" classname="com.habuma.spitter.mvc.HomeControllerTest" time="0.13"/>
  <system-out><![CDATA[]]></system-out>
  <system-err><![CDATA[]]></system-err>
</testsuite>
