<?xml version="1.1" encoding="UTF-8"?>
<testsuite name="com.habuma.spitter.mvc.SpittleBackingBeanInterceptorTest" tests="1" failures="0" errors="0" timestamp="2016-09-01T13:31:53" hostname="tenfeePC" time="0.002">
  <properties/>
  <testcase name="shouldPutEmptySpittleObjectInModelInPostHandle" classname="com.habuma.spitter.mvc.SpittleBackingBeanInterceptorTest" time="0.002"/>
  <system-out><![CDATA[]]></system-out>
  <system-err><![CDATA[]]></system-err>
</testsuite>
